                              1 ;;; gcc for m6809 : Mar 17 2019 12:45:32
                              2 ;;; 4.3.6 (gcc6809)
                              3 ;;; ABI version 1
                              4 ;;; -mabi=bx -mint8 -fomit-frame-pointer -O3
                              5 	.module	cartridge.enr.c
                              6 ; GNU C (GCC) version 4.3.6 (gcc6809) (m6809-unknown-none)
                              7 ;	compiled by GNU C version 7.4.0, GMP version 4.3.2, MPFR version 2.4.2.
                              8 ; GGC heuristics: --param ggc-min-expand=100 --param ggc-min-heapsize=131072
                              9 ; options passed:  -fno-gcse -fverbose-asm -W -Wall -Wextra -Wconversion
                             10 ; -Werror -fomit-frame-pointer -fno-toplevel-reorder -mint8
                             11 ; -msoft-reg-count=0 -std=gnu99 -fno-time-report
                             12 ; -IC:\Vide2.5.1.w64\Vide.w64\C\PeerC\vectrex\include -O3
                             13 ; -D__RUM_FUNCTION=1 -DOMMIT_FRAMEPOINTER=1
                             14 ; -IC:\Vide2.5.1.w64\Vide.w64\vectrex-pong\include
                             15 ; C:\Vide2.5.1.w64\Vide.w64\vectrex-pong\source\cartridge.enr.c
                             16 ; options enabled:  -falign-loops -fargument-alias -fauto-inc-dec
                             17 ; -fbranch-count-reg -fcaller-saves -fcommon -fcprop-registers
                             18 ; -fcrossjumping -fcse-follow-jumps -fdefer-pop
                             19 ; -fdelete-null-pointer-checks -fearly-inlining
                             20 ; -feliminate-unused-debug-types -fexpensive-optimizations
                             21 ; -fforward-propagate -ffunction-cse -fgcse-after-reload -fgcse-lm
                             22 ; -fguess-branch-probability -fident -fif-conversion -fif-conversion2
                             23 ; -finline-functions -finline-functions-called-once
                             24 ; -finline-small-functions -fipa-pure-const -fipa-reference -fivopts
                             25 ; -fkeep-static-consts -fleading-underscore -fmath-errno -fmerge-constants
                             26 ; -fmerge-debug-strings -fmove-loop-invariants -fomit-frame-pointer
                             27 ; -foptimize-register-move -foptimize-sibling-calls -fpcc-struct-return
                             28 ; -fpeephole -fpeephole2 -fpredictive-commoning -fregmove -freorder-blocks
                             29 ; -freorder-functions -frerun-cse-after-loop -fsched-interblock
                             30 ; -fsched-spec -fsched-stalled-insns-dep -fsigned-zeros
                             31 ; -fsplit-ivs-in-unroller -fsplit-wide-types -fstrict-aliasing
                             32 ; -fstrict-overflow -fthread-jumps -ftrapping-math -ftree-ccp -ftree-ch
                             33 ; -ftree-copy-prop -ftree-copyrename -ftree-dce -ftree-dominator-opts
                             34 ; -ftree-dse -ftree-fre -ftree-loop-im -ftree-loop-ivcanon
                             35 ; -ftree-loop-optimize -ftree-parallelize-loops= -ftree-pre -ftree-reassoc
                             36 ; -ftree-salias -ftree-scev-cprop -ftree-sink -ftree-sra -ftree-store-ccp
                             37 ; -ftree-ter -ftree-vect-loop-version -ftree-vectorize -ftree-vrp
                             38 ; -funit-at-a-time -funswitch-loops -fverbose-asm -fzero-initialized-in-bss
                             39 
                             40 ; Compiler executable checksum: 8f282e2d9663ae6148257c524e608c63
                             41 
                             42 	.globl	_game_header
                             43 	.area	.cartridge
   0000                      44 _game_header:
                             45 ; copyright:
   0000 67 20 47 43 45 20    46 	.byte	103,32,71,67,69,32,50,48
        32 30
   0008 32 31 80             47 	.byte	50,49,-128
                             48 ; music:
   000B 00 00                49 	.word	_Vec_Music_1
                             50 ; title_height:
   000D F8                   51 	.byte	-8
                             52 ; title_width:
   000E 50                   53 	.byte	80
                             54 ; title_y:
   000F F0                   55 	.byte	-16
                             56 ; title_x:
   0010 E2                   57 	.byte	-30
                             58 ; title:
   0011 50 4F 4E 47 80 00    59 	.byte	80,79,78,71,-128,0
ASxxxx Assembler V05.00  (Motorola 6809), page 1.
Hexidecimal [16-Bits]

Symbol Table

    .__.$$$.       =   2710 L   |     .__.ABS.       =   0000 G
    .__.CPU.       =   0000 L   |     .__.H$L.       =   0001 L
    _Vec_Music_1       **** GX  |   2 _game_header       0000 GR

ASxxxx Assembler V05.00  (Motorola 6809), page 2.
Hexidecimal [16-Bits]

Area Table

[_CSEG]
   0 _CODE            size    0   flags C080
   2 .cartridge       size   17   flags  100
[_DSEG]
   1 _DATA            size    0   flags C0C0

